[2024-08-17 10:32:30.831][verbose] Tunnel state: disconnected
[2024-08-17 10:32:30.832][verbose] Initial: Wrong content height: 597, expected 568
[2024-08-17 10:32:30.836][verbose] Resize: Wrong content height: 597, expected 568
[2024-08-17 10:32:30.928][verbose] Map canvas scale factor: 1, using: 1
[2024-08-17 10:35:14.287][verbose] Tunnel state: connecting
[2024-08-17 10:35:14.333][verbose] Tunnel state: connecting
[2024-08-17 10:35:20.635][verbose] Tunnel state: connected
[2024-08-17 10:35:20.784][verbose] Tunnel state: connected
[2024-08-17 11:47:40.955][verbose] Tunnel state: connecting
[2024-08-17 11:47:41.261][verbose] Tunnel state: connecting
[2024-08-17 11:47:42.451][verbose] Tunnel state: connected
[2024-08-17 11:47:42.712][verbose] Tunnel state: connected
[2024-08-17 12:04:24.764][verbose] Tunnel state: connecting
[2024-08-17 12:04:25.031][verbose] Tunnel state: connecting
[2024-08-17 12:04:33.320][verbose] Tunnel state: connecting
[2024-08-17 12:04:33.339][verbose] Tunnel state: connecting
[2024-08-17 12:04:49.734][verbose] Tunnel state: connecting
[2024-08-17 12:04:49.772][verbose] Tunnel state: connecting
[2024-08-17 12:05:22.089][verbose] Tunnel state: connecting
[2024-08-17 12:05:22.109][verbose] Tunnel state: connecting
[2024-08-17 12:05:23.758][verbose] Tunnel state: connected
[2024-08-17 12:05:24.041][verbose] Tunnel state: connected
[2024-08-17 12:39:38.254][verbose] Tunnel state: connecting
[2024-08-17 12:39:38.993][verbose] Tunnel state: connecting
[2024-08-17 12:39:40.349][verbose] Tunnel state: connected
[2024-08-17 12:39:40.779][verbose] Tunnel state: connected
[2024-08-17 13:07:02.964][verbose] Tunnel state: connecting
[2024-08-17 13:07:03.215][verbose] Tunnel state: connecting
[2024-08-17 13:07:04.188][verbose] Tunnel state: connected
[2024-08-17 13:07:04.409][verbose] Tunnel state: connected
[2024-08-17 13:30:06.638][verbose] Tunnel state: disconnecting
[2024-08-17 13:30:06.954][verbose] Tunnel state: error
[2024-08-17 13:30:08.866][verbose] Tunnel state: connecting
[2024-08-17 13:30:12.541][verbose] Tunnel state: disconnecting
[2024-08-17 13:30:12.567][verbose] Tunnel state: disconnecting
[2024-08-17 13:30:12.827][verbose] Tunnel state: disconnected
[2024-08-17 13:30:12.983][verbose] Tunnel state: connecting
[2024-08-17 13:30:13.038][verbose] Tunnel state: connecting
[2024-08-17 13:30:19.145][verbose] Tunnel state: connected
[2024-08-17 13:30:19.339][verbose] Tunnel state: connected
